<?xml version="1.0" encoding="UTF-8"?>
<!-- Generated by org.testng.reporters.JUnitXMLReporter -->
<testsuite hostname="LAPTOP-FD4LTNOM" ignored="0" name="Test1" tests="5" failures="0" timestamp="30 Mar 2019 19:40:10 GMT" time="0.072" errors="0">
  <testcase name="Test1" time="0.008" classname="Scripts.TestNG.TestNGConfig"/>
  <testcase name="Test2" time="0.001" classname="Scripts.TestNG.TestNGConfig"/>
  <testcase name="Test3" time="0.0" classname="Scripts.TestNG.TestNGConfig"/>
  <testcase name="Test1" time="0.002" classname="Scripts.TestNG.TestNGConfig2"/>
  <testcase name="Test2" time="0.004" classname="Scripts.TestNG.TestNGConfig2"/>
</testsuite> <!-- Test1 -->
